# JRE version: OpenJDK Runtime Environment (11.0.2+9) (build 11.0.2+9)
# Java VM: OpenJDK 64-Bit Server VM (11.0.2+9, mixed mode, tiered, compressed oops, g1 gc, windows-amd64)
Heap:
 garbage-first heap   total 524288K, used 205319K [0x00000000c0000000, 0x0000000100000000)
  region size 1024K, 112 young (114688K), 13 survivors (13312K)
 Metaspace       used 71179K, capacity 73711K, committed 73984K, reserved 1114112K
  class space    used 7843K, capacity 8920K, committed 8960K, reserved 1048576K
GC Heap History (10 events):
Event: 3.237 GC heap before
{Heap before GC invocations=4 (full 0):
 garbage-first heap   total 524288K, used 30635K [0x00000000c0000000, 0x0000000100000000)
  region size 1024K, 23 young (23552K), 4 survivors (4096K)
 Metaspace       used 35043K, capacity 35784K, committed 35968K, reserved 1081344K
  class space    used 3768K, capacity 4103K, committed 4224K, reserved 1048576K
}
Event: 3.239 GC heap after
{Heap after GC invocations=5 (full 0):
 garbage-first heap   total 524288K, used 10841K [0x00000000c0000000, 0x0000000100000000)
  region size 1024K, 4 young (4096K), 4 survivors (4096K)
 Metaspace       used 35043K, capacity 35784K, committed 35968K, reserved 1081344K
  class space    used 3768K, capacity 4103K, committed 4224K, reserved 1048576K
}
Event: 4.448 GC heap before
{Heap before GC invocations=6 (full 0):
 garbage-first heap   total 524288K, used 127577K [0x00000000c0000000, 0x0000000100000000)
  region size 1024K, 115 young (117760K), 4 survivors (4096K)
 Metaspace       used 55142K, capacity 56151K, committed 56320K, reserved 1099776K
  class space    used 5706K, capacity 6142K, committed 6144K, reserved 1048576K
}
Event: 4.458 GC heap after
{Heap after GC invocations=7 (full 0):
 garbage-first heap   total 524288K, used 33783K [0x00000000c0000000, 0x0000000100000000)
  region size 1024K, 15 young (15360K), 15 survivors (15360K)
 Metaspace       used 55142K, capacity 56151K, committed 56320K, reserved 1099776K
  class space    used 5706K, capacity 6142K, committed 6144K, reserved 1048576K
}
Event: 4.976 GC heap before
{Heap before GC invocations=7 (full 0):
 garbage-first heap   total 524288K, used 70647K [0x00000000c0000000, 0x0000000100000000)
  region size 1024K, 53 young (54272K), 15 survivors (15360K)
 Metaspace       used 58998K, capacity 60149K, committed 60288K, reserved 1103872K
  class space    used 6189K, capacity 6697K, committed 6784K, reserved 1048576K
}
Event: 4.987 GC heap after
{Heap after GC invocations=8 (full 0):
 garbage-first heap   total 524288K, used 43578K [0x00000000c0000000, 0x0000000100000000)
  region size 1024K, 10 young (10240K), 10 survivors (10240K)
 Metaspace       used 58998K, capacity 60149K, committed 60288K, reserved 1103872K
  class space    used 6189K, capacity 6697K, committed 6784K, reserved 1048576K
}
Event: 5.887 GC heap before
{Heap before GC invocations=9 (full 0):
 garbage-first heap   total 524288K, used 154170K [0x00000000c0000000, 0x0000000100000000)
  region size 1024K, 112 young (114688K), 10 survivors (10240K)
 Metaspace       used 67371K, capacity 69495K, committed 69504K, reserved 1110016K
  class space    used 7411K, capacity 8319K, committed 8320K, reserved 1048576K
}
Event: 5.899 GC heap after
{Heap after GC invocations=10 (full 0):
 garbage-first heap   total 524288K, used 69335K [0x00000000c0000000, 0x0000000100000000)
  region size 1024K, 14 young (14336K), 14 survivors (14336K)
 Metaspace       used 67371K, capacity 69495K, committed 69504K, reserved 1110016K
  class space    used 7411K, capacity 8319K, committed 8320K, reserved 1048576K
}
Event: 6.963 GC heap before
{Heap before GC invocations=10 (full 0):
 garbage-first heap   total 524288K, used 215767K [0x00000000c0000000, 0x0000000100000000)
  region size 1024K, 150 young (153600K), 14 survivors (14336K)
 Metaspace       used 69682K, capacity 72155K, committed 72320K, reserved 1112064K
  class space    used 7746K, capacity 8811K, committed 8832K, reserved 1048576K
}
Event: 6.973 GC heap after
{Heap after GC invocations=11 (full 0):
 garbage-first heap   total 524288K, used 83463K [0x00000000c0000000, 0x0000000100000000)
  region size 1024K, 13 young (13312K), 13 survivors (13312K)
 Metaspace       used 69682K, capacity 72155K, committed 72320K, reserved 1112064K
  class space    used 7746K, capacity 8811K, committed 8832K, reserved 1048576K
}

