# JRE version: OpenJDK Runtime Environment (11.0.2+9) (build 11.0.2+9)
# Java VM: OpenJDK 64-Bit Server VM (11.0.2+9, mixed mode, tiered, compressed oops, g1 gc, windows-amd64)
Heap:
 garbage-first heap   total 630784K, used 147456K [0x0000000601600000, 0x0000000800000000)
  region size 2048K, 25 young (51200K), 8 survivors (16384K)
 Metaspace       used 74405K, capacity 76908K, committed 77052K, reserved 1118208K
  class space    used 8191K, capacity 9277K, committed 9344K, reserved 1048576K
GC Heap History (10 events):
Event: 2.457 GC heap before
{Heap before GC invocations=4 (full 0):
 garbage-first heap   total 524288K, used 31776K [0x0000000601600000, 0x0000000800000000)
  region size 2048K, 13 young (26624K), 2 survivors (4096K)
 Metaspace       used 34879K, capacity 35594K, committed 35708K, reserved 1081344K
  class space    used 3757K, capacity 4082K, committed 4096K, reserved 1048576K
}
Event: 2.459 GC heap after
{Heap after GC invocations=5 (full 0):
 garbage-first heap   total 524288K, used 10230K [0x0000000601600000, 0x0000000800000000)
  region size 2048K, 3 young (6144K), 3 survivors (6144K)
 Metaspace       used 34879K, capacity 35594K, committed 35708K, reserved 1081344K
  class space    used 3757K, capacity 4082K, committed 4096K, reserved 1048576K
}
Event: 3.427 GC heap before
{Heap before GC invocations=6 (full 0):
 garbage-first heap   total 524288K, used 92150K [0x0000000601600000, 0x0000000800000000)
  region size 2048K, 42 young (86016K), 3 survivors (6144K)
 Metaspace       used 49807K, capacity 50709K, committed 50812K, reserved 1095680K
  class space    used 5141K, capacity 5548K, committed 5632K, reserved 1048576K
}
Event: 3.436 GC heap after
{Heap after GC invocations=7 (full 0):
 garbage-first heap   total 524288K, used 26658K [0x0000000601600000, 0x0000000800000000)
  region size 2048K, 6 young (12288K), 6 survivors (12288K)
 Metaspace       used 49807K, capacity 50709K, committed 50812K, reserved 1095680K
  class space    used 5141K, capacity 5548K, committed 5632K, reserved 1048576K
}
Event: 5.059 GC heap before
{Heap before GC invocations=8 (full 0):
 garbage-first heap   total 524288K, used 176162K [0x0000000601600000, 0x0000000800000000)
  region size 2048K, 78 young (159744K), 6 survivors (12288K)
 Metaspace       used 63567K, capacity 65073K, committed 65276K, reserved 1107968K
  class space    used 6776K, capacity 7445K, committed 7552K, reserved 1048576K
}
Event: 5.082 GC heap after
{Heap after GC invocations=9 (full 0):
 garbage-first heap   total 630784K, used 65559K [0x0000000601600000, 0x0000000800000000)
  region size 2048K, 10 young (20480K), 10 survivors (20480K)
 Metaspace       used 63567K, capacity 65073K, committed 65276K, reserved 1107968K
  class space    used 6776K, capacity 7445K, committed 7552K, reserved 1048576K
}
Event: 5.276 GC heap before
{Heap before GC invocations=9 (full 0):
 garbage-first heap   total 630784K, used 100375K [0x0000000601600000, 0x0000000800000000)
  region size 2048K, 24 young (49152K), 10 survivors (20480K)
 Metaspace       used 64980K, capacity 66643K, committed 66684K, reserved 1107968K
  class space    used 6956K, capacity 7670K, committed 7680K, reserved 1048576K
}
Event: 5.295 GC heap after
{Heap after GC invocations=10 (full 0):
 garbage-first heap   total 630784K, used 90099K [0x0000000601600000, 0x0000000800000000)
  region size 2048K, 3 young (6144K), 3 survivors (6144K)
 Metaspace       used 64980K, capacity 66643K, committed 66684K, reserved 1107968K
  class space    used 6956K, capacity 7670K, committed 7680K, reserved 1048576K
}
Event: 6.592 GC heap before
{Heap before GC invocations=10 (full 0):
 garbage-first heap   total 630784K, used 208883K [0x0000000601600000, 0x0000000800000000)
  region size 2048K, 60 young (122880K), 3 survivors (6144K)
 Metaspace       used 72227K, capacity 74419K, committed 74748K, reserved 1116160K
  class space    used 7824K, capacity 8743K, committed 8832K, reserved 1048576K
}
Event: 6.603 GC heap after
{Heap after GC invocations=11 (full 0):
 garbage-first heap   total 630784K, used 114688K [0x0000000601600000, 0x0000000800000000)
  region size 2048K, 8 young (16384K), 8 survivors (16384K)
 Metaspace       used 72227K, capacity 74419K, committed 74748K, reserved 1116160K
  class space    used 7824K, capacity 8743K, committed 8832K, reserved 1048576K
}

