# JRE version: OpenJDK Runtime Environment (11.0.2+9) (build 11.0.2+9)
# Java VM: OpenJDK 64-Bit Server VM (11.0.2+9, mixed mode, tiered, compressed oops, g1 gc, windows-amd64)
Heap:
 garbage-first heap   total 630784K, used 249712K [0x0000000601600000, 0x0000000800000000)
  region size 2048K, 88 young (180224K), 8 survivors (16384K)
 Metaspace       used 76724K, capacity 79857K, committed 79948K, reserved 1120256K
  class space    used 8633K, capacity 9989K, committed 10060K, reserved 1048576K
GC Heap History (10 events):
Event: 2.866 GC heap before
{Heap before GC invocations=4 (full 0):
 garbage-first heap   total 524288K, used 31894K [0x0000000601600000, 0x0000000800000000)
  region size 2048K, 14 young (28672K), 2 survivors (4096K)
 Metaspace       used 35021K, capacity 35789K, committed 35840K, reserved 1081344K
  class space    used 3744K, capacity 4083K, committed 4096K, reserved 1048576K
}
Event: 2.869 GC heap after
{Heap after GC invocations=5 (full 0):
 garbage-first heap   total 524288K, used 10124K [0x0000000601600000, 0x0000000800000000)
  region size 2048K, 3 young (6144K), 3 survivors (6144K)
 Metaspace       used 35021K, capacity 35789K, committed 35840K, reserved 1081344K
  class space    used 3744K, capacity 4083K, committed 4096K, reserved 1048576K
}
Event: 3.896 GC heap before
{Heap before GC invocations=6 (full 0):
 garbage-first heap   total 524288K, used 92044K [0x0000000601600000, 0x0000000800000000)
  region size 2048K, 42 young (86016K), 3 survivors (6144K)
 Metaspace       used 49864K, capacity 50776K, committed 50892K, reserved 1095680K
  class space    used 5138K, capacity 5549K, committed 5580K, reserved 1048576K
}
Event: 3.903 GC heap after
{Heap after GC invocations=7 (full 0):
 garbage-first heap   total 524288K, used 26795K [0x0000000601600000, 0x0000000800000000)
  region size 2048K, 6 young (12288K), 6 survivors (12288K)
 Metaspace       used 49864K, capacity 50776K, committed 50892K, reserved 1095680K
  class space    used 5138K, capacity 5549K, committed 5580K, reserved 1048576K
}
Event: 5.068 GC heap before
{Heap before GC invocations=7 (full 0):
 garbage-first heap   total 524288K, used 123051K [0x0000000601600000, 0x0000000800000000)
  region size 2048K, 55 young (112640K), 6 survivors (12288K)
 Metaspace       used 58962K, capacity 60136K, committed 60236K, reserved 1103872K
  class space    used 6143K, capacity 6670K, committed 6732K, reserved 1048576K
}
Event: 5.088 GC heap after
{Heap after GC invocations=8 (full 0):
 garbage-first heap   total 630784K, used 44222K [0x0000000601600000, 0x0000000800000000)
  region size 2048K, 13 young (26624K), 13 survivors (26624K)
 Metaspace       used 58962K, capacity 60136K, committed 60236K, reserved 1103872K
  class space    used 6143K, capacity 6670K, committed 6732K, reserved 1048576K
}
Event: 5.832 GC heap before
{Heap before GC invocations=9 (full 0):
 garbage-first heap   total 630784K, used 148670K [0x0000000601600000, 0x0000000800000000)
  region size 2048K, 63 young (129024K), 13 survivors (26624K)
 Metaspace       used 63518K, capacity 65048K, committed 65356K, reserved 1107968K
  class space    used 6766K, capacity 7414K, committed 7500K, reserved 1048576K
}
Event: 5.847 GC heap after
{Heap after GC invocations=10 (full 0):
 garbage-first heap   total 630784K, used 62143K [0x0000000601600000, 0x0000000800000000)
  region size 2048K, 8 young (16384K), 8 survivors (16384K)
 Metaspace       used 63518K, capacity 65048K, committed 65356K, reserved 1107968K
  class space    used 6766K, capacity 7414K, committed 7500K, reserved 1048576K
}
Event: 7.106 GC heap before
{Heap before GC invocations=10 (full 0):
 garbage-first heap   total 630784K, used 205503K [0x0000000601600000, 0x0000000800000000)
  region size 2048K, 79 young (161792K), 8 survivors (16384K)
 Metaspace       used 69540K, capacity 71678K, committed 71756K, reserved 1112064K
  class space    used 7616K, capacity 8514K, committed 8524K, reserved 1048576K
}
Event: 7.118 GC heap after
{Heap after GC invocations=11 (full 0):
 garbage-first heap   total 630784K, used 75632K [0x0000000601600000, 0x0000000800000000)
  region size 2048K, 8 young (16384K), 8 survivors (16384K)
 Metaspace       used 69540K, capacity 71678K, committed 71756K, reserved 1112064K
  class space    used 7616K, capacity 8514K, committed 8524K, reserved 1048576K
}

