# JRE version: OpenJDK Runtime Environment (11.0.2+9) (build 11.0.2+9)
# Java VM: OpenJDK 64-Bit Server VM (11.0.2+9, mixed mode, tiered, compressed oops, g1 gc, windows-amd64)
Heap:
 garbage-first heap   total 630784K, used 285695K [0x0000000601600000, 0x0000000800000000)
  region size 2048K, 38 young (77824K), 8 survivors (16384K)
 Metaspace       used 73541K, capacity 75868K, committed 76104K, reserved 1116160K
  class space    used 8069K, capacity 9075K, committed 9164K, reserved 1048576K
GC Heap History (10 events):
Event: 3.268 GC heap before
{Heap before GC invocations=5 (full 0):
 garbage-first heap   total 524288K, used 71492K [0x0000000601600000, 0x0000000800000000)
  region size 2048K, 32 young (65536K), 3 survivors (6144K)
 Metaspace       used 44571K, capacity 45498K, committed 45768K, reserved 1089536K
  class space    used 4468K, capacity 4878K, committed 4940K, reserved 1048576K
}
Event: 3.275 GC heap after
{Heap after GC invocations=6 (full 0):
 garbage-first heap   total 524288K, used 24731K [0x0000000601600000, 0x0000000800000000)
  region size 2048K, 4 young (8192K), 4 survivors (8192K)
 Metaspace       used 44571K, capacity 45498K, committed 45768K, reserved 1089536K
  class space    used 4468K, capacity 4878K, committed 4940K, reserved 1048576K
}
Event: 4.790 GC heap before
{Heap before GC invocations=7 (full 0):
 garbage-first heap   total 524288K, used 157851K [0x0000000601600000, 0x0000000800000000)
  region size 2048K, 68 young (139264K), 4 survivors (8192K)
 Metaspace       used 58600K, capacity 59823K, committed 60104K, reserved 1103872K
  class space    used 6103K, capacity 6618K, committed 6732K, reserved 1048576K
}
Event: 4.811 GC heap after
{Heap after GC invocations=8 (full 0):
 garbage-first heap   total 524288K, used 57030K [0x0000000601600000, 0x0000000800000000)
  region size 2048K, 9 young (18432K), 9 survivors (18432K)
 Metaspace       used 58600K, capacity 59823K, committed 60104K, reserved 1103872K
  class space    used 6103K, capacity 6618K, committed 6732K, reserved 1048576K
}
Event: 5.630 GC heap before
{Heap before GC invocations=8 (full 0):
 garbage-first heap   total 524288K, used 126662K [0x0000000601600000, 0x0000000800000000)
  region size 2048K, 44 young (90112K), 9 survivors (18432K)
 Metaspace       used 58861K, capacity 60043K, committed 60360K, reserved 1103872K
  class space    used 6116K, capacity 6625K, committed 6732K, reserved 1048576K
}
Event: 5.655 GC heap after
{Heap after GC invocations=9 (full 0):
 garbage-first heap   total 630784K, used 124079K [0x0000000601600000, 0x0000000800000000)
  region size 2048K, 6 young (12288K), 6 survivors (12288K)
 Metaspace       used 58861K, capacity 60043K, committed 60360K, reserved 1103872K
  class space    used 6116K, capacity 6625K, committed 6732K, reserved 1048576K
}
Event: 6.638 GC heap before
{Heap before GC invocations=9 (full 0):
 garbage-first heap   total 630784K, used 222383K [0x0000000601600000, 0x0000000800000000)
  region size 2048K, 51 young (104448K), 6 survivors (12288K)
 Metaspace       used 59731K, capacity 60877K, committed 61128K, reserved 1103872K
  class space    used 6200K, capacity 6707K, committed 6732K, reserved 1048576K
}
Event: 6.662 GC heap after
{Heap after GC invocations=10 (full 0):
 garbage-first heap   total 630784K, used 204303K [0x0000000601600000, 0x0000000800000000)
  region size 2048K, 7 young (14336K), 7 survivors (14336K)
 Metaspace       used 59731K, capacity 60877K, committed 61128K, reserved 1103872K
  class space    used 6200K, capacity 6707K, committed 6732K, reserved 1048576K
}
Event: 7.631 GC heap before
{Heap before GC invocations=10 (full 0):
 garbage-first heap   total 630784K, used 308751K [0x0000000601600000, 0x0000000800000000)
  region size 2048K, 57 young (116736K), 7 survivors (14336K)
 Metaspace       used 69854K, capacity 71866K, committed 72136K, reserved 1114112K
  class space    used 7579K, capacity 8466K, committed 8524K, reserved 1048576K
}
Event: 7.641 GC heap after
{Heap after GC invocations=11 (full 0):
 garbage-first heap   total 630784K, used 228351K [0x0000000601600000, 0x0000000800000000)
  region size 2048K, 8 young (16384K), 8 survivors (16384K)
 Metaspace       used 69854K, capacity 71866K, committed 72136K, reserved 1114112K
  class space    used 7579K, capacity 8466K, committed 8524K, reserved 1048576K
}

