# JRE version: OpenJDK Runtime Environment (11.0.2+9) (build 11.0.2+9)
# Java VM: OpenJDK 64-Bit Server VM (11.0.2+9, mixed mode, tiered, compressed oops, g1 gc, windows-amd64)
Heap:
 garbage-first heap   total 630784K, used 113399K [0x0000000601600000, 0x0000000800000000)
  region size 2048K, 12 young (24576K), 8 survivors (16384K)
 Metaspace       used 73740K, capacity 76025K, committed 76284K, reserved 1116160K
  class space    used 8063K, capacity 9047K, committed 9088K, reserved 1048576K
GC Heap History (10 events):
Event: 2.273 GC heap before
{Heap before GC invocations=4 (full 0):
 garbage-first heap   total 524288K, used 29632K [0x0000000601600000, 0x0000000800000000)
  region size 2048K, 13 young (26624K), 2 survivors (4096K)
 Metaspace       used 34904K, capacity 35597K, committed 35708K, reserved 1081344K
  class space    used 3756K, capacity 4083K, committed 4096K, reserved 1048576K
}
Event: 2.275 GC heap after
{Heap after GC invocations=5 (full 0):
 garbage-first heap   total 524288K, used 10244K [0x0000000601600000, 0x0000000800000000)
  region size 2048K, 3 young (6144K), 3 survivors (6144K)
 Metaspace       used 34904K, capacity 35597K, committed 35708K, reserved 1081344K
  class space    used 3756K, capacity 4083K, committed 4096K, reserved 1048576K
}
Event: 3.218 GC heap before
{Heap before GC invocations=6 (full 0):
 garbage-first heap   total 524288K, used 92164K [0x0000000601600000, 0x0000000800000000)
  region size 2048K, 42 young (86016K), 3 survivors (6144K)
 Metaspace       used 49882K, capacity 50776K, committed 51068K, reserved 1095680K
  class space    used 5146K, capacity 5549K, committed 5632K, reserved 1048576K
}
Event: 3.227 GC heap after
{Heap after GC invocations=7 (full 0):
 garbage-first heap   total 524288K, used 26654K [0x0000000601600000, 0x0000000800000000)
  region size 2048K, 6 young (12288K), 6 survivors (12288K)
 Metaspace       used 49882K, capacity 50776K, committed 51068K, reserved 1095680K
  class space    used 5146K, capacity 5549K, committed 5632K, reserved 1048576K
}
Event: 4.714 GC heap before
{Heap before GC invocations=8 (full 0):
 garbage-first heap   total 524288K, used 178206K [0x0000000601600000, 0x0000000800000000)
  region size 2048K, 79 young (161792K), 6 survivors (12288K)
 Metaspace       used 63565K, capacity 65075K, committed 65276K, reserved 1107968K
  class space    used 6777K, capacity 7446K, committed 7552K, reserved 1048576K
}
Event: 4.740 GC heap after
{Heap after GC invocations=9 (full 0):
 garbage-first heap   total 630784K, used 62502K [0x0000000601600000, 0x0000000800000000)
  region size 2048K, 10 young (20480K), 10 survivors (20480K)
 Metaspace       used 63565K, capacity 65075K, committed 65276K, reserved 1107968K
  class space    used 6777K, capacity 7446K, committed 7552K, reserved 1048576K
}
Event: 5.095 GC heap before
{Heap before GC invocations=9 (full 0):
 garbage-first heap   total 630784K, used 103462K [0x0000000601600000, 0x0000000800000000)
  region size 2048K, 27 young (55296K), 10 survivors (20480K)
 Metaspace       used 65523K, capacity 67158K, committed 67324K, reserved 1110016K
  class space    used 7014K, capacity 7756K, committed 7808K, reserved 1048576K
}
Event: 5.107 GC heap after
{Heap after GC invocations=10 (full 0):
 garbage-first heap   total 630784K, used 83968K [0x0000000601600000, 0x0000000800000000)
  region size 2048K, 4 young (8192K), 4 survivors (8192K)
 Metaspace       used 65523K, capacity 67158K, committed 67324K, reserved 1110016K
  class space    used 7014K, capacity 7756K, committed 7808K, reserved 1048576K
}
Event: 6.333 GC heap before
{Heap before GC invocations=10 (full 0):
 garbage-first heap   total 630784K, used 208896K [0x0000000601600000, 0x0000000800000000)
  region size 2048K, 64 young (131072K), 4 survivors (8192K)
 Metaspace       used 73351K, capacity 75600K, committed 75772K, reserved 1116160K
  class space    used 8008K, capacity 8989K, committed 9088K, reserved 1048576K
}
Event: 6.344 GC heap after
{Heap after GC invocations=11 (full 0):
 garbage-first heap   total 630784K, used 107255K [0x0000000601600000, 0x0000000800000000)
  region size 2048K, 8 young (16384K), 8 survivors (16384K)
 Metaspace       used 73351K, capacity 75600K, committed 75772K, reserved 1116160K
  class space    used 8008K, capacity 8989K, committed 9088K, reserved 1048576K
}

