# JRE version: OpenJDK Runtime Environment (11.0.2+9) (build 11.0.2+9)
# Java VM: OpenJDK 64-Bit Server VM (11.0.2+9, mixed mode, tiered, compressed oops, g1 gc, windows-amd64)
Heap:
 garbage-first heap   total 520192K, used 246670K [0x0000000601600000, 0x0000000800000000)
  region size 2048K, 9 young (18432K), 1 survivors (2048K)
 Metaspace       used 77800K, capacity 80273K, committed 82040K, reserved 1120256K
  class space    used 9239K, capacity 10268K, committed 10880K, reserved 1048576K
GC Heap History (10 events):
Event: 46449.199 GC heap before
{Heap before GC invocations=9238 (full 31):
 garbage-first heap   total 520192K, used 447629K [0x0000000601600000, 0x0000000800000000)
  region size 2048K, 109 young (223232K), 4 survivors (8192K)
 Metaspace       used 77800K, capacity 80273K, committed 82040K, reserved 1120256K
  class space    used 9239K, capacity 10268K, committed 10880K, reserved 1048576K
}
Event: 46449.202 GC heap after
{Heap after GC invocations=9239 (full 31):
 garbage-first heap   total 520192K, used 232693K [0x0000000601600000, 0x0000000800000000)
  region size 2048K, 4 young (8192K), 4 survivors (8192K)
 Metaspace       used 77800K, capacity 80273K, committed 82040K, reserved 1120256K
  class space    used 9239K, capacity 10268K, committed 10880K, reserved 1048576K
}
Event: 46471.788 GC heap before
{Heap before GC invocations=9239 (full 31):
 garbage-first heap   total 520192K, used 447733K [0x0000000601600000, 0x0000000800000000)
  region size 2048K, 109 young (223232K), 4 survivors (8192K)
 Metaspace       used 77800K, capacity 80273K, committed 82040K, reserved 1120256K
  class space    used 9239K, capacity 10268K, committed 10880K, reserved 1048576K
}
Event: 46471.790 GC heap after
{Heap after GC invocations=9240 (full 31):
 garbage-first heap   total 520192K, used 232733K [0x0000000601600000, 0x0000000800000000)
  region size 2048K, 4 young (8192K), 4 survivors (8192K)
 Metaspace       used 77800K, capacity 80273K, committed 82040K, reserved 1120256K
  class space    used 9239K, capacity 10268K, committed 10880K, reserved 1048576K
}
Event: 46483.636 GC heap before
{Heap before GC invocations=9240 (full 31):
 garbage-first heap   total 520192K, used 447773K [0x0000000601600000, 0x0000000800000000)
  region size 2048K, 109 young (223232K), 4 survivors (8192K)
 Metaspace       used 77800K, capacity 80273K, committed 82040K, reserved 1120256K
  class space    used 9239K, capacity 10268K, committed 10880K, reserved 1048576K
}
Event: 46483.646 GC heap after
{Heap after GC invocations=9241 (full 31):
 garbage-first heap   total 520192K, used 232864K [0x0000000601600000, 0x0000000800000000)
  region size 2048K, 2 young (4096K), 2 survivors (4096K)
 Metaspace       used 77800K, capacity 80273K, committed 82040K, reserved 1120256K
  class space    used 9239K, capacity 10268K, committed 10880K, reserved 1048576K
}
Event: 46499.103 GC heap before
{Heap before GC invocations=9241 (full 31):
 garbage-first heap   total 520192K, used 452000K [0x0000000601600000, 0x0000000800000000)
  region size 2048K, 109 young (223232K), 2 survivors (4096K)
 Metaspace       used 77800K, capacity 80273K, committed 82040K, reserved 1120256K
  class space    used 9239K, capacity 10268K, committed 10880K, reserved 1048576K
}
Event: 46499.105 GC heap after
{Heap after GC invocations=9242 (full 31):
 garbage-first heap   total 520192K, used 232607K [0x0000000601600000, 0x0000000800000000)
  region size 2048K, 1 young (2048K), 1 survivors (2048K)
 Metaspace       used 77800K, capacity 80273K, committed 82040K, reserved 1120256K
  class space    used 9239K, capacity 10268K, committed 10880K, reserved 1048576K
}
Event: 46515.531 GC heap before
{Heap before GC invocations=9242 (full 31):
 garbage-first heap   total 520192K, used 453791K [0x0000000601600000, 0x0000000800000000)
  region size 2048K, 109 young (223232K), 1 survivors (2048K)
 Metaspace       used 77800K, capacity 80273K, committed 82040K, reserved 1120256K
  class space    used 9239K, capacity 10268K, committed 10880K, reserved 1048576K
}
Event: 46515.534 GC heap after
{Heap after GC invocations=9243 (full 31):
 garbage-first heap   total 520192K, used 232334K [0x0000000601600000, 0x0000000800000000)
  region size 2048K, 1 young (2048K), 1 survivors (2048K)
 Metaspace       used 77800K, capacity 80273K, committed 82040K, reserved 1120256K
  class space    used 9239K, capacity 10268K, committed 10880K, reserved 1048576K
}

