# JRE version: OpenJDK Runtime Environment Temurin-11.0.27+6 (11.0.27+6) (build 11.0.27+6)
# Java VM: OpenJDK 64-Bit Server VM Temurin-11.0.27+6 (11.0.27+6, mixed mode, tiered, compressed oops, g1 gc, windows-amd64)
Heap:
 garbage-first heap   total 524288K, used 35385K [0x00000000e0000000, 0x0000000100000000)
  region size 1024K, 31 young (31744K), 9 survivors (9216K)
 Metaspace       used 36289K, capacity 37147K, committed 37456K, reserved 1081344K
  class space    used 4367K, capacity 4680K, committed 4736K, reserved 1048576K
GC Heap History (8 events):
Event: 0.476 GC heap before
{Heap before GC invocations=0 (full 0):
 garbage-first heap   total 524288K, used 25600K [0x00000000e0000000, 0x0000000100000000)
  region size 1024K, 25 young (25600K), 0 survivors (0K)
 Metaspace       used 12588K, capacity 12766K, committed 13056K, reserved 1060864K
  class space    used 1167K, capacity 1211K, committed 1280K, reserved 1048576K
}
Event: 0.478 GC heap after
{Heap after GC invocations=1 (full 0):
 garbage-first heap   total 524288K, used 4554K [0x00000000e0000000, 0x0000000100000000)
  region size 1024K, 4 young (4096K), 4 survivors (4096K)
 Metaspace       used 12588K, capacity 12766K, committed 13056K, reserved 1060864K
  class space    used 1167K, capacity 1211K, committed 1280K, reserved 1048576K
}
Event: 1.117 GC heap before
{Heap before GC invocations=1 (full 0):
 garbage-first heap   total 524288K, used 90570K [0x00000000e0000000, 0x0000000100000000)
  region size 1024K, 89 young (91136K), 4 survivors (4096K)
 Metaspace       used 20997K, capacity 21203K, committed 21248K, reserved 1069056K
  class space    used 2481K, capacity 2553K, committed 2560K, reserved 1048576K
}
Event: 1.122 GC heap after
{Heap after GC invocations=2 (full 0):
 garbage-first heap   total 524288K, used 6444K [0x00000000e0000000, 0x0000000100000000)
  region size 1024K, 6 young (6144K), 6 survivors (6144K)
 Metaspace       used 20997K, capacity 21203K, committed 21248K, reserved 1069056K
  class space    used 2481K, capacity 2553K, committed 2560K, reserved 1048576K
}
Event: 2.245 GC heap before
{Heap before GC invocations=3 (full 0):
 garbage-first heap   total 524288K, used 103724K [0x00000000e0000000, 0x0000000100000000)
  region size 1024K, 101 young (103424K), 6 survivors (6144K)
 Metaspace       used 33328K, capacity 34064K, committed 34300K, reserved 1079296K
  class space    used 4027K, capacity 4313K, committed 4352K, reserved 1048576K
}
Event: 2.251 GC heap after
{Heap after GC invocations=4 (full 0):
 garbage-first heap   total 524288K, used 13109K [0x00000000e0000000, 0x0000000100000000)
  region size 1024K, 13 young (13312K), 13 survivors (13312K)
 Metaspace       used 33328K, capacity 34064K, committed 34300K, reserved 1079296K
  class space    used 4027K, capacity 4313K, committed 4352K, reserved 1048576K
}
Event: 2.576 GC heap before
{Heap before GC invocations=4 (full 0):
 garbage-first heap   total 524288K, used 48949K [0x00000000e0000000, 0x0000000100000000)
  region size 1024K, 49 young (50176K), 13 survivors (13312K)
 Metaspace       used 35154K, capacity 35928K, committed 36048K, reserved 1081344K
  class space    used 4214K, capacity 4517K, committed 4608K, reserved 1048576K
}
Event: 2.587 GC heap after
{Heap after GC invocations=5 (full 0):
 garbage-first heap   total 524288K, used 13881K [0x00000000e0000000, 0x0000000100000000)
  region size 1024K, 9 young (9216K), 9 survivors (9216K)
 Metaspace       used 35154K, capacity 35928K, committed 36048K, reserved 1081344K
  class space    used 4214K, capacity 4517K, committed 4608K, reserved 1048576K
}

